<?xml version="1.0" encoding="UTF-8"?>
<!-- Generated by org.testng.reporters.JUnitXMLReporter -->
<testsuite hostname="Rajeswari" name="Test" tests="7" failures="0" timestamp="28 Dec 2021 18:09:00 GMT" time="18.53" errors="0">
  <testcase name="verifyemailsubscription" time="5.215" classname="com.app.tests.HomePageTest"/>
  <testcase name="verifywomentab" time="0.321" classname="com.app.tests.HomePageTest"/>
  <testcase name="verifydressestab" time="0.151" classname="com.app.tests.HomePageTest"/>
  <testcase name="verifytsirttab" time="0.15" classname="com.app.tests.HomePageTest"/>
  <testcase name="verifyclickthewomentab" time="5.144" classname="com.app.tests.HomePageTest"/>
  <testcase name="verifyclickthedressestab" time="4.086" classname="com.app.tests.HomePageTest"/>
  <testcase name="verifyclickthetshirttab" time="3.322" classname="com.app.tests.HomePageTest"/>
</testsuite> <!-- Test -->
