<?xml version="1.0" encoding="UTF-8"?>
<testng-results skipped="0" failed="0" total="1" passed="1">
  <reporter-output>
  </reporter-output>
  <suite name="Default suite" duration-ms="6743" started-at="2021-12-29T05:37:35Z" finished-at="2021-12-29T05:37:42Z">
    <groups>
    </groups>
    <test name="Default test" duration-ms="6743" started-at="2021-12-29T05:37:35Z" finished-at="2021-12-29T05:37:42Z">
      <class name="com.app.tests.WomenPageTest">
        <test-method status="PASS" signature="verifynoofproductsshowsontop()[pri:0, instance:com.app.tests.WomenPageTest@2f62ea70]" name="verifynoofproductsshowsontop" duration-ms="6711" started-at="2021-12-29T11:07:35Z" finished-at="2021-12-29T11:07:42Z">
          <reporter-output>
          </reporter-output>
        </test-method> <!-- verifynoofproductsshowsontop -->
      </class> <!-- com.app.tests.WomenPageTest -->
    </test> <!-- Default test -->
  </suite> <!-- Default suite -->
</testng-results>
